m.x1.xm4.msky130_fd_pr__nfet_01v8:
    model              = x1.xm4:nshort_model.33
    l                  = 1.3e-05
    w                  = 9e-07
    m                  = 2
    nf                 = 1
    sa                 = 0
    sb                 = 0
    sd                 = 0
    sca                = 0
    scb                = 0
    scc                = 0
    sc                 = 0
    min                = 0
    ad                 = 2.61e-13
    as                 = 2.61e-13
    pd                 = 2.38e-06
    ps                 = 2.38e-06
    nrd                = 0.322222
    nrs                = 0.322222
    off                = 0
    rbdb               = 50
    rbsb               = 50
    rbpb               = 50
    rbps               = 50
    rbpd               = 50
    delvto             = 0
    mulu0              = 1
    xgw                = 0
    ngcon              = 1
    trnqsmod           = 0
    acnqsmod           = 0
    rbodymod           = 1
    rgatemod           = 0
    geomod             = 0
    rgeomod            = 0
    gmbs               = 1.02506e-07
    gm                 = 4.59069e-07
    gds                = 2.00186e-09
    vdsat              = 0.0555373
    vth                = 0.570632
    id                 = 2.09755e-08
    ibd                = -1.56881e-12
    ibs                = -2.58374e-13
    gbd                = 2e-12
    gbs                = 2.00144e-12
    isub               = 1.01883e-18
    igidl              = 0
    igisl              = 0
    igs                = 0
    igd                = 0
    igb                = 0
    igcs               = 0
    igcd               = 0
    vbs                = -0.128101
    vgs                = 0.556899
    vds                = 0.655192
    cgg                = 1.03017e-13
    cgs                = -8.82931e-14
    cgd                = -5.06518e-17
    cbg                = -1.96828e-14
    cbd                = -1.99516e-17
    cbs                = -1.6165e-14
    cdg                = -3.3385e-14
    cdd                = 5.57749e-17
    cds                = 4.18216e-14
    csg                = -4.99496e-14
    csd                = 1.48285e-17
    css                = 6.26365e-14
    cgb                = -1.46737e-14
    cdb                = -8.49237e-15
    csb                = -1.27017e-14
    cbb                = 3.58678e-14
    capbd              = 8.84766e-16
    capbs              = 1.15136e-15
    qg                 = 8.39706e-14
    qb                 = -6.61734e-14
    qd                 = -7.12708e-15
    qs                 = -1.06702e-14
    qinv               = 0
    qdef               = 0
    gcrg               = 0
    gtau               = 0
    vgsteff            = 0.0217342
    vdseff             = 0.0546277
    cgso               = 4.43364e-16
    cgdo               = 4.43364e-16
    cgbo               = 2.59605e-18
    weff               = 8.56282e-07
    leff               = 1.29761e-05
m.x1.xm7.msky130_fd_pr__nfet_01v8:
    model              = x1.xm7:nshort_model.33
    l                  = 2e-05
    w                  = 1e-06
    m                  = 2
    nf                 = 1
    sa                 = 0
    sb                 = 0
    sd                 = 0
    sca                = 0
    scb                = 0
    scc                = 0
    sc                 = 0
    min                = 0
    ad                 = 2.9e-13
    as                 = 2.9e-13
    pd                 = 2.58e-06
    ps                 = 2.58e-06
    nrd                = 0.29
    nrs                = 0.29
    off                = 0
    rbdb               = 50
    rbsb               = 50
    rbpb               = 50
    rbps               = 50
    rbpd               = 50
    delvto             = 0
    mulu0              = 1
    xgw                = 0
    ngcon              = 1
    trnqsmod           = 0
    acnqsmod           = 0
    rbodymod           = 1
    rgatemod           = 0
    geomod             = 0
    rgeomod            = 0
    gmbs               = 1.98515e-07
    gm                 = 8.492e-07
    gds                = 2.75771e-09
    vdsat              = 0.0741618
    vth                = 0.538215
    id                 = 4.39288e-08
    ibd                = -1.1608e-12
    ibs                = -7.02981e-18
    gbd                = 2e-12
    gbs                = 2.07216e-12
    isub               = 2.46889e-20
    igidl              = 0
    igisl              = 0
    igs                = 0
    igd                = 0
    igb                = 0
    igcs               = 0
    igcd               = 0
    vbs                = -3.39249e-06
    vgs                = 0.579194
    vds                = 0.57919
    cgg                = 1.90676e-13
    cgs                = -1.67883e-13
    cgd                = -1.92997e-16
    cbg                = -3.3544e-14
    cbd                = -7.8581e-17
    cbs                = -3.18027e-14
    cdg                = -6.30112e-14
    cdd                = 2.13984e-16
    cds                = 7.99765e-14
    csg                = -9.41208e-14
    csd                = 5.75938e-17
    css                = 1.19709e-13
    cgb                = -2.25999e-14
    cdb                = -1.71793e-14
    csb                = -2.56461e-14
    cbb                = 6.54253e-14
    capbd              = 1.04664e-15
    capbs              = 1.37368e-15
    qg                 = 1.43755e-13
    qb                 = -1.04875e-13
    qd                 = -1.55781e-14
    qs                 = -2.3302e-14
    qinv               = 0
    qdef               = 0
    gcrg               = 0
    gtau               = 0
    vgsteff            = 0.0482026
    vdseff             = 0.0727259
    cgso               = 4.92627e-16
    cgdo               = 4.92627e-16
    cgbo               = 3.99605e-18
    weff               = 9.56282e-07
    leff               = 1.99761e-05
m.x1.xm6.msky130_fd_pr__nfet_01v8:
    model              = x1.xm6:nshort_model.33
    l                  = 2e-05
    w                  = 1e-06
    m                  = 2
    nf                 = 1
    sa                 = 0
    sb                 = 0
    sd                 = 0
    sca                = 0
    scb                = 0
    scc                = 0
    sc                 = 0
    min                = 0
    ad                 = 2.9e-13
    as                 = 2.9e-13
    pd                 = 2.58e-06
    ps                 = 2.58e-06
    nrd                = 0.29
    nrs                = 0.29
    off                = 0
    rbdb               = 50
    rbsb               = 50
    rbpb               = 50
    rbps               = 50
    rbpd               = 50
    delvto             = 0
    mulu0              = 1
    xgw                = 0
    ngcon              = 1
    trnqsmod           = 0
    acnqsmod           = 0
    rbodymod           = 1
    rgatemod           = 0
    geomod             = 0
    rgeomod            = 0
    gmbs               = 1.97021e-07
    gm                 = 8.46851e-07
    gds                = 2.70302e-09
    vdsat              = 0.0738863
    vth                = 0.538339
    id                 = 4.38598e-08
    ibd                = -1.47713e-12
    ibs                = -9.957e-16
    gbd                = 2e-12
    gbs                = 2.07114e-12
    isub               = 2.14017e-17
    igidl              = 0
    igisl              = 0
    igs                = 0
    igd                = 0
    igb                = 0
    igcs               = 0
    igcd               = 0
    vbs                = -0.000480631
    vgs                = 0.578717
    vds                = 0.736879
    cgg                = 1.90401e-13
    cgs                = -1.67646e-13
    cgd                = -8.33777e-17
    cbg                = -3.3608e-14
    cbd                = -3.39393e-17
    cbs                = -3.17499e-14
    cdg                = -6.28009e-14
    cdd                = 9.27767e-17
    cds                = 7.98225e-14
    csg                = -9.39923e-14
    csd                = 2.45403e-17
    css                = 1.19573e-13
    cgb                = -2.26721e-14
    cdb                = -1.71144e-14
    csb                = -2.56053e-14
    cbb                = 6.53918e-14
    capbd              = 9.92471e-16
    capbs              = 1.37327e-15
    qg                 = 1.43655e-13
    qb                 = -1.04898e-13
    qd                 = -1.55174e-14
    qs                 = -2.32389e-14
    qinv               = 0
    qdef               = 0
    gcrg               = 0
    gtau               = 0
    vgsteff            = 0.0478264
    vdseff             = 0.0727902
    cgso               = 4.92627e-16
    cgdo               = 4.92627e-16
    cgbo               = 3.99605e-18
    weff               = 9.56282e-07
    leff               = 1.99761e-05
m.x1.xm2.msky130_fd_pr__pfet_01v8:
    model              = x1.xm2:pshort_model.33
    l                  = 1e-05
    w                  = 1e-06
    m                  = 2
    nf                 = 1
    sa                 = 0
    sb                 = 0
    sd                 = 0
    sca                = 0
    scb                = 0
    scc                = 0
    sc                 = 0
    min                = 0
    ad                 = 2.9e-13
    as                 = 2.9e-13
    pd                 = 2.58e-06
    ps                 = 2.58e-06
    nrd                = 0.29
    nrs                = 0.29
    off                = 0
    rbdb               = 50
    rbsb               = 50
    rbpb               = 50
    rbps               = 50
    rbpd               = 50
    delvto             = 0
    mulu0              = 1
    xgw                = 0
    ngcon              = 1
    trnqsmod           = 0
    acnqsmod           = 0
    rbodymod           = 1
    rgatemod           = 0
    geomod             = 0
    rgeomod            = 0
    gmbs               = 1.73179e-07
    gm                 = 6.69894e-07
    gds                = 4.34933e-10
    vdsat              = 0.0892067
    vth                = 0.969474
    id                 = 4.38593e-08
    ibd                = -2.01181e-12
    ibs                = -2.41168e-17
    gbd                = 2e-12
    gbs                = 2.04983e-12
    isub               = 0
    igidl              = 0
    igisl              = 0
    igs                = 0
    igd                = 0
    igb                = 0
    igcs               = 0
    igcd               = 0
    vbs                = -1.17652e-05
    vgs                = 1.00503
    vds                = 1.00501
    cgg                = 8.73161e-14
    cgs                = -7.43444e-14
    cgd                = -1.13143e-17
    cbg                = -1.73363e-14
    cbd                = -4.45282e-18
    cbs                = -1.46904e-14
    cdg                = -2.80077e-14
    cdd                = 1.25132e-17
    cds                = 3.56285e-14
    csg                = -4.19721e-14
    csd                = 3.25393e-18
    css                = 5.34062e-14
    cgb                = -1.29605e-14
    cdb                = -7.63334e-15
    csb                = -1.14374e-14
    cbb                = 3.20312e-14
    capbd              = 8.47517e-16
    capbs              = 1.22148e-15
    qg                 = 7.11365e-14
    qb                 = -5.5348e-14
    qd                 = -6.31828e-15
    qs                 = -9.47017e-15
    qinv               = 0
    qdef               = -0
    gcrg               = 0
    gtau               = 0
    vgsteff            = 0.0648301
    vdseff             = 0.0882442
    cgso               = 1.48055e-16
    cgdo               = 1.45676e-16
    cgbo               = 0
    weff               = 9.85392e-07
    leff               = 1.0028e-05
m.x1.xm1.msky130_fd_pr__pfet_01v8:
    model              = x1.xm1:pshort_model.33
    l                  = 1e-05
    w                  = 1e-06
    m                  = 2
    nf                 = 1
    sa                 = 0
    sb                 = 0
    sd                 = 0
    sca                = 0
    scb                = 0
    scc                = 0
    sc                 = 0
    min                = 0
    ad                 = 2.9e-13
    as                 = 2.9e-13
    pd                 = 2.58e-06
    ps                 = 2.58e-06
    nrd                = 0.29
    nrs                = 0.29
    off                = 0
    rbdb               = 50
    rbsb               = 50
    rbpb               = 50
    rbps               = 50
    rbpd               = 50
    delvto             = 0
    mulu0              = 1
    xgw                = 0
    ngcon              = 1
    trnqsmod           = 0
    acnqsmod           = 0
    rbodymod           = 1
    rgatemod           = 0
    geomod             = 0
    rgeomod            = 0
    gmbs               = 1.73338e-07
    gm                 = 6.70579e-07
    gds                = 4.30708e-10
    vdsat              = 0.0892067
    vth                = 0.969474
    id                 = 4.39277e-08
    ibd                = -2.32814e-12
    ibs                = -2.41544e-17
    gbd                = 2e-12
    gbs                = 2.04983e-12
    isub               = 0
    igidl              = 2.6106e-55
    igisl              = 0
    igs                = 0
    igd                = 0
    igb                = 0
    igcs               = 0
    igcd               = 0
    vbs                = -1.17836e-05
    vgs                = 1.00503
    vds                = 1.16318
    cgg                = 8.73078e-14
    cgs                = -7.43379e-14
    cgd                = -7.0673e-18
    cbg                = -1.73396e-14
    cbd                = -2.78139e-18
    cbs                = -1.46876e-14
    cdg                = -2.79985e-14
    cdd                = 7.82519e-18
    cds                = 3.56212e-14
    csg                = -4.19697e-14
    csd                = 2.0235e-18
    css                = 5.34043e-14
    cgb                = -1.29628e-14
    cdb                = -7.63046e-15
    csb                = -1.14367e-14
    cbb                = 3.203e-14
    capbd              = 8.1513e-16
    capbs              = 1.22148e-15
    qg                 = 7.11351e-14
    qb                 = -5.53486e-14
    qd                 = -6.31671e-15
    qs                 = -9.46976e-15
    qinv               = 0
    qdef               = -0
    gcrg               = 0
    gtau               = 0
    vgsteff            = 0.0648301
    vdseff             = 0.0883844
    cgso               = 1.48055e-16
    cgdo               = 1.43008e-16
    cgbo               = 0
    weff               = 9.85392e-07
    leff               = 1.0028e-05
m.x1.xm3.msky130_fd_pr__nfet_01v8:
    model              = x1.xm3:nshort_model.33
    l                  = 1.3e-05
    w                  = 9e-07
    m                  = 2
    nf                 = 1
    sa                 = 0
    sb                 = 0
    sd                 = 0
    sca                = 0
    scb                = 0
    scc                = 0
    sc                 = 0
    min                = 0
    ad                 = 2.61e-13
    as                 = 2.61e-13
    pd                 = 2.38e-06
    ps                 = 2.38e-06
    nrd                = 0.322222
    nrs                = 0.322222
    off                = 0
    rbdb               = 50
    rbsb               = 50
    rbpb               = 50
    rbps               = 50
    rbpd               = 50
    delvto             = 0
    mulu0              = 1
    xgw                = 0
    ngcon              = 1
    trnqsmod           = 0
    acnqsmod           = 0
    rbodymod           = 1
    rgatemod           = 0
    geomod             = 0
    rgeomod            = 0
    gmbs               = 1.02507e-07
    gm                 = 4.59075e-07
    gds                = 2.00188e-09
    vdsat              = 0.0555375
    vth                = 0.570632
    id                 = 2.09758e-08
    ibd                = -1.56881e-12
    ibs                = -2.58374e-13
    gbd                = 2e-12
    gbs                = 2.00144e-12
    isub               = 1.01883e-18
    igidl              = 0
    igisl              = 0
    igs                = 0
    igd                = 0
    igb                = 0
    igcs               = 0
    igcd               = 0
    vbs                = -0.128101
    vgs                = 0.5569
    vds                = 0.655192
    cgg                = 1.03018e-13
    cgs                = -8.82932e-14
    cgd                = -5.0652e-17
    cbg                = -1.96828e-14
    cbd                = -1.99517e-17
    cbs                = -1.6165e-14
    cdg                = -3.3385e-14
    cdd                = 5.57752e-17
    cds                = 4.18216e-14
    csg                = -4.99497e-14
    csd                = 1.48286e-17
    css                = 6.26365e-14
    cgb                = -1.46737e-14
    cdb                = -8.49238e-15
    csb                = -1.27017e-14
    cbb                = 3.58678e-14
    capbd              = 8.84766e-16
    capbs              = 1.15136e-15
    qg                 = 8.39707e-14
    qb                 = -6.61734e-14
    qd                 = -7.1271e-15
    qs                 = -1.06702e-14
    qinv               = 0
    qdef               = 0
    gcrg               = 0
    gtau               = 0
    vgsteff            = 0.0217344
    vdseff             = 0.0546278
    cgso               = 4.43364e-16
    cgdo               = 4.43364e-16
    cgbo               = 2.59605e-18
    weff               = 8.56282e-07
    leff               = 1.29761e-05
m.x1.xm11.msky130_fd_pr__nfet_01v8:
    model              = x1.xm11:nshort_model.33
    l                  = 2e-05
    w                  = 1e-06
    m                  = 2
    nf                 = 1
    sa                 = 0
    sb                 = 0
    sd                 = 0
    sca                = 0
    scb                = 0
    scc                = 0
    sc                 = 0
    min                = 0
    ad                 = 2.9e-13
    as                 = 2.9e-13
    pd                 = 2.58e-06
    ps                 = 2.58e-06
    nrd                = 0.29
    nrs                = 0.29
    off                = 0
    rbdb               = 50
    rbsb               = 50
    rbpb               = 50
    rbps               = 50
    rbpd               = 50
    delvto             = 0
    mulu0              = 1
    xgw                = 0
    ngcon              = 1
    trnqsmod           = 0
    acnqsmod           = 0
    rbodymod           = 1
    rgatemod           = 0
    geomod             = 0
    rgeomod            = 0
    gmbs               = 1.94299e-07
    gm                 = 8.2027e-07
    gds                = 1.25199e-08
    vdsat              = 0.0741619
    vth                = 0.538215
    id                 = 4.22875e-08
    ibd                = -2.99986e-13
    ibs                = -6.76715e-18
    gbd                = 2.00084e-12
    gbs                = 2.07216e-12
    isub               = 5.10012e-24
    igidl              = 0
    igisl              = 0
    igs                = 0
    igd                = 0
    igb                = 0
    igcs               = 0
    igcd               = 0
    vbs                = -3.26574e-06
    vgs                = 0.579194
    vds                = 0.148797
    cgg                = 2.07002e-13
    cgs                = -1.62314e-13
    cgd                = -2.6332e-14
    cbg                = -2.68966e-14
    cbd                = -1.07214e-14
    cbs                = -2.98899e-14
    cdg                = -8.01245e-14
    cdd                = 2.73577e-14
    cds                = 7.46571e-14
    csg                = -9.99812e-14
    csd                = 9.69565e-15
    css                = 1.17546e-13
    cgb                = -1.83566e-14
    cdb                = -2.18903e-14
    csb                = -2.72609e-14
    cbb                = 6.75078e-14
    capbd              = 1.26052e-15
    capbs              = 1.37368e-15
    qg                 = 1.45317e-13
    qb                 = -1.04239e-13
    qd                 = -1.72399e-14
    qs                 = -2.3838e-14
    qinv               = 0
    qdef               = 0
    gcrg               = 0
    gtau               = 0
    vgsteff            = 0.0482027
    vdseff             = 0.0661566
    cgso               = 4.92627e-16
    cgdo               = 4.92627e-16
    cgbo               = 3.99605e-18
    weff               = 9.56282e-07
    leff               = 1.99761e-05
m.x1.xm10.msky130_fd_pr__pfet_01v8:
    model              = x1.xm10:pshort_model.33
    l                  = 1e-05
    w                  = 1e-06
    m                  = 4
    nf                 = 1
    sa                 = 0
    sb                 = 0
    sd                 = 0
    sca                = 0
    scb                = 0
    scc                = 0
    sc                 = 0
    min                = 0
    ad                 = 2.9e-13
    as                 = 2.9e-13
    pd                 = 2.58e-06
    ps                 = 2.58e-06
    nrd                = 0.29
    nrs                = 0.29
    off                = 0
    rbdb               = 50
    rbsb               = 50
    rbpb               = 50
    rbps               = 50
    rbpd               = 50
    delvto             = 0
    mulu0              = 1
    xgw                = 0
    ngcon              = 1
    trnqsmod           = 0
    acnqsmod           = 0
    rbodymod           = 1
    rgatemod           = 0
    geomod             = 0
    rgeomod            = 0
    gmbs               = 1.84712e-07
    gm                 = 7.04119e-07
    gds                = 5.18324e-10
    vdsat              = 0.0698033
    vth                = 0.969472
    id                 = 4.22814e-08
    ibd                = -6.37788e-12
    ibs                = -2.32492e-17
    gbd                = 4e-12
    gbs                = 4.09967e-12
    isub               = 0
    igidl              = 1.607e-20
    igisl              = 0
    igs                = 0
    igd                = 0
    igb                = 0
    igcs               = 0
    igcd               = 0
    vbs                = -5.67097e-06
    vgs                = 0.959099
    vds                = 1.59358
    cgg                = 1.61891e-13
    cgs                = -1.32e-13
    cgd                = -4.0306e-18
    cbg                = -3.69929e-14
    cbd                = -1.58627e-18
    cbs                = -2.72736e-14
    cdg                = -4.99686e-14
    cdd                = 4.47175e-18
    cds                = 6.37197e-14
    csg                = -7.49295e-14
    csd                = 1.14512e-18
    css                = 9.55541e-14
    cgb                = -2.98867e-14
    cdb                = -1.37556e-14
    csb                = -2.06257e-14
    cbb                = 6.4268e-14
    capbd              = 1.48647e-15
    capbs              = 2.44297e-15
    qg                 = 1.34534e-13
    qb                 = -1.09054e-13
    qd                 = -1.01936e-14
    qs                 = -1.52861e-14
    qinv               = 0
    qdef               = -0
    gcrg               = 0
    gtau               = 0
    vgsteff            = 0.0396088
    vdseff             = 0.0693483
    cgso               = 2.96105e-16
    cgdo               = 2.75532e-16
    cgbo               = 0
    weff               = 9.85392e-07
    leff               = 1.0028e-05
m.x1.xm5.msky130_fd_pr__nfet_01v8:
    model              = x1.xm5:nshort_model.33
    l                  = 2e-05
    w                  = 1e-06
    m                  = 2
    nf                 = 1
    sa                 = 0
    sb                 = 0
    sd                 = 0
    sca                = 0
    scb                = 0
    scc                = 0
    sc                 = 0
    min                = 0
    ad                 = 2.9e-13
    as                 = 2.9e-13
    pd                 = 2.58e-06
    ps                 = 2.58e-06
    nrd                = 0.29
    nrs                = 0.29
    off                = 0
    rbdb               = 50
    rbsb               = 50
    rbpb               = 50
    rbps               = 50
    rbpd               = 50
    delvto             = 0
    mulu0              = 1
    xgw                = 0
    ngcon              = 1
    trnqsmod           = 0
    acnqsmod           = 0
    rbodymod           = 1
    rgatemod           = 0
    geomod             = 0
    rgeomod            = 0
    gmbs               = 1.92179e-07
    gm                 = 8.10612e-07
    gds                = 2.11489e-08
    vdsat              = 0.0741619
    vth                = 0.538215
    id                 = 4.19506e-08
    ibd                = -2.58553e-13
    ibs                = -6.71323e-18
    gbd                = 2.00157e-12
    gbs                = 2.07216e-12
    isub               = 3.91569e-24
    igidl              = 0
    igisl              = 0
    igs                = 0
    igd                = 0
    igb                = 0
    igcs               = 0
    igcd               = 0
    vbs                = -3.23971e-06
    vgs                = 0.579194
    vds                = 0.128093
    cgg                = 2.13101e-13
    cgs                = -1.58012e-13
    cgd                = -3.83287e-14
    cbg                = -2.44133e-14
    cbd                = -1.5606e-14
    cbs                = -2.82889e-14
    cdg                = -8.62629e-14
    cdd                = 3.93132e-14
    cds                = 7.05539e-14
    csg                = -1.02425e-13
    csd                = 1.46214e-14
    css                = 1.15747e-13
    cgb                = -1.67607e-14
    cdb                = -2.36043e-14
    csb                = -2.79433e-14
    cbb                = 6.83082e-14
    capbd              = 1.27457e-15
    capbs              = 1.37368e-15
    qg                 = 1.4598e-13
    qb                 = -1.03969e-13
    qd                 = -1.79242e-14
    qs                 = -2.40868e-14
    qinv               = 0
    qdef               = 0
    gcrg               = 0
    gtau               = 0
    vgsteff            = 0.0482027
    vdseff             = 0.0641344
    cgso               = 4.92627e-16
    cgdo               = 4.92627e-16
    cgbo               = 3.99605e-18
    weff               = 9.56282e-07
    leff               = 1.99761e-05
m.x1.xm9.msky130_fd_pr__pfet_01v8:
    model              = x1.xm9:pshort_model.33
    l                  = 1e-05
    w                  = 1e-06
    m                  = 2
    nf                 = 1
    sa                 = 0
    sb                 = 0
    sd                 = 0
    sca                = 0
    scb                = 0
    scc                = 0
    sc                 = 0
    min                = 0
    ad                 = 2.9e-13
    as                 = 2.9e-13
    pd                 = 2.58e-06
    ps                 = 2.58e-06
    nrd                = 0.29
    nrs                = 0.29
    off                = 0
    rbdb               = 50
    rbsb               = 50
    rbpb               = 50
    rbps               = 50
    rbpd               = 50
    delvto             = 0
    mulu0              = 1
    xgw                = 0
    ngcon              = 1
    trnqsmod           = 0
    acnqsmod           = 0
    rbodymod           = 1
    rgatemod           = 0
    geomod             = 0
    rgeomod            = 0
    gmbs               = 9.18896e-08
    gm                 = 3.50113e-07
    gds                = 2.63809e-10
    vdsat              = 0.0698033
    vth                = 0.969472
    id                 = 2.09753e-08
    ibd                = -1.91996e-12
    ibs                = -1.15337e-17
    gbd                = 2e-12
    gbs                = 2.04983e-12
    isub               = 0
    igidl              = 0
    igisl              = 0
    igs                = 0
    igd                = 0
    igb                = 0
    igcs               = 0
    igcd               = 0
    vbs                = -5.62661e-06
    vgs                = 0.959099
    vds                = 0.959094
    cgg                = 8.09633e-14
    cgs                = -6.60152e-14
    cgd                = -9.92374e-18
    cbg                = -1.84895e-14
    cbd                = -3.90557e-18
    cbs                = -1.36433e-14
    cdg                = -2.5004e-14
    cdd                = 1.09729e-17
    cds                = 3.1877e-14
    csg                = -3.74699e-14
    csd                = 2.85645e-18
    css                = 4.77815e-14
    cgb                = -1.49382e-14
    cdb                = -6.88401e-15
    csb                = -1.03145e-14
    cbb                = 3.21367e-14
    capbd              = 8.57686e-16
    capbs              = 1.22149e-15
    qg                 = 6.72699e-14
    qb                 = -5.45259e-14
    qd                 = -5.10006e-15
    qs                 = -7.6439e-15
    qinv               = 0
    qdef               = -0
    gcrg               = 0
    gtau               = 0
    vgsteff            = 0.0396089
    vdseff             = 0.0690278
    cgso               = 1.48052e-16
    cgdo               = 1.45676e-16
    cgbo               = 0
    weff               = 9.85392e-07
    leff               = 1.0028e-05
m.x1.xm8.msky130_fd_pr__pfet_01v8:
    model              = x1.xm8:pshort_model.33
    l                  = 1e-05
    w                  = 1e-06
    m                  = 2
    nf                 = 1
    sa                 = 0
    sb                 = 0
    sd                 = 0
    sca                = 0
    scb                = 0
    scc                = 0
    sc                 = 0
    min                = 0
    ad                 = 2.9e-13
    as                 = 2.9e-13
    pd                 = 2.58e-06
    ps                 = 2.58e-06
    nrd                = 0.29
    nrs                = 0.29
    off                = 0
    rbdb               = 50
    rbsb               = 50
    rbpb               = 50
    rbps               = 50
    rbpd               = 50
    delvto             = 0
    mulu0              = 1
    xgw                = 0
    ngcon              = 1
    trnqsmod           = 0
    acnqsmod           = 0
    rbodymod           = 1
    rgatemod           = 0
    geomod             = 0
    rgeomod            = 0
    gmbs               = 9.18896e-08
    gm                 = 3.50113e-07
    gds                = 2.63809e-10
    vdsat              = 0.0698033
    vth                = 0.969472
    id                 = 2.09753e-08
    ibd                = -1.91996e-12
    ibs                = -1.15337e-17
    gbd                = 2e-12
    gbs                = 2.04983e-12
    isub               = 0
    igidl              = 0
    igisl              = 0
    igs                = 0
    igd                = 0
    igb                = 0
    igcs               = 0
    igcd               = 0
    vbs                = -5.62661e-06
    vgs                = 0.959099
    vds                = 0.959094
    cgg                = 8.09633e-14
    cgs                = -6.60152e-14
    cgd                = -9.92374e-18
    cbg                = -1.84895e-14
    cbd                = -3.90557e-18
    cbs                = -1.36433e-14
    cdg                = -2.5004e-14
    cdd                = 1.09729e-17
    cds                = 3.1877e-14
    csg                = -3.74699e-14
    csd                = 2.85645e-18
    css                = 4.77815e-14
    cgb                = -1.49382e-14
    cdb                = -6.88401e-15
    csb                = -1.03145e-14
    cbb                = 3.21367e-14
    capbd              = 8.57686e-16
    capbs              = 1.22149e-15
    qg                 = 6.72699e-14
    qb                 = -5.45259e-14
    qd                 = -5.10006e-15
    qs                 = -7.6439e-15
    qinv               = 0
    qdef               = -0
    gcrg               = 0
    gtau               = 0
    vgsteff            = 0.0396089
    vdseff             = 0.0690278
    cgso               = 1.48052e-16
    cgdo               = 1.45676e-16
    cgbo               = 0
    weff               = 9.85392e-07
    leff               = 1.0028e-05
v3:
    model              = V
    dc                 = 0.685
    acmag              = 1
    pulse              = 0.685
    pulse              = 1
    pulse              = 1
    sin                = 0.685
    sin                = 1
    sin                = 1
    exp                = 0.685
    exp                = 1
    exp                = 1
    pwl                = 0.685
    pwl                = 1
    pwl                = 1
    sffm               = 0.685
    sffm               = 1
    sffm               = 1
    am                 = 0.685
    am                 = 1
    am                 = 1
    trnoise            = 0.685
    trnoise            = 1
    trnoise            = 1
    trrandom           = 0.685
    trrandom           = 1
    trrandom           = 1
    portnum            = 0
    z0                 = 0
    pwr                = 0
    freq               = 0
    phase              = 0
    i                  = -4.6001e-13
    p                  = -3.15107e-13
v2:
    model              = V
    dc                 = 0.685
    acmag              = 0
    pulse              =         -
    sin                =         -
    exp                =         -
    pwl                =         -
    sffm               =         -
    am                 =         -
    trnoise            =         -
    trrandom           =         -
    portnum            = 0
    z0                 = 0
    pwr                = 0
    freq               = 0
    phase              = 0
    i                  = 1.92978e-13
    p                  = 1.3219e-13
v1:
    model              = V
    dc                 = 1.7424
    acmag              = 0
    pulse              =         -
    sin                =         -
    exp                =         -
    pwl                =         -
    sffm               =         -
    am                 =         -
    trnoise            =         -
    trrandom           =         -
    portnum            = 0
    z0                 = 0
    pwr                = 0
    freq               = 0
    phase              = 0
    i                  = -1.72034e-07
    p                  = -2.99751e-07
m.x1.xm4.msky130_fd_pr__nfet_01v8:
    model              = x1.xm4:nshort_model.33
    l                  = 1.3e-05
    w                  = 9e-07
    m                  = 2
    nf                 = 1
    sa                 = 0
    sb                 = 0
    sd                 = 0
    sca                = 0
    scb                = 0
    scc                = 0
    sc                 = 0
    min                = 0
    ad                 = 2.61e-13
    as                 = 2.61e-13
    pd                 = 2.38e-06
    ps                 = 2.38e-06
    nrd                = 0.322222
    nrs                = 0.322222
    off                = 0
    rbdb               = 50
    rbsb               = 50
    rbpb               = 50
    rbps               = 50
    rbpd               = 50
    delvto             = 0
    mulu0              = 1
    xgw                = 0
    ngcon              = 1
    trnqsmod           = 0
    acnqsmod           = 0
    rbodymod           = 1
    rgatemod           = 0
    geomod             = 0
    rgeomod            = 0
    gmbs               = 1.02506e-07
    gm                 = 4.59069e-07
    gds                = 2.00186e-09
    vdsat              = 0.0555373
    vth                = 0.570632
    id                 = 2.09755e-08
    ibd                = -1.56881e-12
    ibs                = -2.58374e-13
    gbd                = 2e-12
    gbs                = 2.00144e-12
    isub               = 1.01883e-18
    igidl              = 0
    igisl              = 0
    igs                = 0
    igd                = 0
    igb                = 0
    igcs               = 0
    igcd               = 0
    vbs                = -0.128101
    vgs                = 0.556899
    vds                = 0.655192
    cgg                = 1.03017e-13
    cgs                = -8.82931e-14
    cgd                = -5.06518e-17
    cbg                = -1.96828e-14
    cbd                = -1.99516e-17
    cbs                = -1.6165e-14
    cdg                = -3.3385e-14
    cdd                = 5.57749e-17
    cds                = 4.18216e-14
    csg                = -4.99496e-14
    csd                = 1.48285e-17
    css                = 6.26365e-14
    cgb                = -1.46737e-14
    cdb                = -8.49237e-15
    csb                = -1.27017e-14
    cbb                = 3.58678e-14
    capbd              = 8.84766e-16
    capbs              = 1.15136e-15
    qg                 = 8.39706e-14
    qb                 = -6.61734e-14
    qd                 = -7.12708e-15
    qs                 = -1.06702e-14
    qinv               = 0
    qdef               = 0
    gcrg               = 0
    gtau               = 0
    vgsteff            = 0.0217342
    vdseff             = 0.0546277
    cgso               = 4.43364e-16
    cgdo               = 4.43364e-16
    cgbo               = 2.59605e-18
    weff               = 8.56282e-07
    leff               = 1.29761e-05
m.x1.xm7.msky130_fd_pr__nfet_01v8:
    model              = x1.xm7:nshort_model.33
    l                  = 2e-05
    w                  = 1e-06
    m                  = 2
    nf                 = 1
    sa                 = 0
    sb                 = 0
    sd                 = 0
    sca                = 0
    scb                = 0
    scc                = 0
    sc                 = 0
    min                = 0
    ad                 = 2.9e-13
    as                 = 2.9e-13
    pd                 = 2.58e-06
    ps                 = 2.58e-06
    nrd                = 0.29
    nrs                = 0.29
    off                = 0
    rbdb               = 50
    rbsb               = 50
    rbpb               = 50
    rbps               = 50
    rbpd               = 50
    delvto             = 0
    mulu0              = 1
    xgw                = 0
    ngcon              = 1
    trnqsmod           = 0
    acnqsmod           = 0
    rbodymod           = 1
    rgatemod           = 0
    geomod             = 0
    rgeomod            = 0
    gmbs               = 1.98515e-07
    gm                 = 8.492e-07
    gds                = 2.75771e-09
    vdsat              = 0.0741618
    vth                = 0.538215
    id                 = 4.39288e-08
    ibd                = -1.1608e-12
    ibs                = -7.02981e-18
    gbd                = 2e-12
    gbs                = 2.07216e-12
    isub               = 2.46889e-20
    igidl              = 0
    igisl              = 0
    igs                = 0
    igd                = 0
    igb                = 0
    igcs               = 0
    igcd               = 0
    vbs                = -3.39249e-06
    vgs                = 0.579194
    vds                = 0.57919
    cgg                = 1.90676e-13
    cgs                = -1.67883e-13
    cgd                = -1.92997e-16
    cbg                = -3.3544e-14
    cbd                = -7.8581e-17
    cbs                = -3.18027e-14
    cdg                = -6.30112e-14
    cdd                = 2.13984e-16
    cds                = 7.99765e-14
    csg                = -9.41208e-14
    csd                = 5.75938e-17
    css                = 1.19709e-13
    cgb                = -2.25999e-14
    cdb                = -1.71793e-14
    csb                = -2.56461e-14
    cbb                = 6.54253e-14
    capbd              = 1.04664e-15
    capbs              = 1.37368e-15
    qg                 = 1.43755e-13
    qb                 = -1.04875e-13
    qd                 = -1.55781e-14
    qs                 = -2.3302e-14
    qinv               = 0
    qdef               = 0
    gcrg               = 0
    gtau               = 0
    vgsteff            = 0.0482026
    vdseff             = 0.0727259
    cgso               = 4.92627e-16
    cgdo               = 4.92627e-16
    cgbo               = 3.99605e-18
    weff               = 9.56282e-07
    leff               = 1.99761e-05
m.x1.xm6.msky130_fd_pr__nfet_01v8:
    model              = x1.xm6:nshort_model.33
    l                  = 2e-05
    w                  = 1e-06
    m                  = 2
    nf                 = 1
    sa                 = 0
    sb                 = 0
    sd                 = 0
    sca                = 0
    scb                = 0
    scc                = 0
    sc                 = 0
    min                = 0
    ad                 = 2.9e-13
    as                 = 2.9e-13
    pd                 = 2.58e-06
    ps                 = 2.58e-06
    nrd                = 0.29
    nrs                = 0.29
    off                = 0
    rbdb               = 50
    rbsb               = 50
    rbpb               = 50
    rbps               = 50
    rbpd               = 50
    delvto             = 0
    mulu0              = 1
    xgw                = 0
    ngcon              = 1
    trnqsmod           = 0
    acnqsmod           = 0
    rbodymod           = 1
    rgatemod           = 0
    geomod             = 0
    rgeomod            = 0
    gmbs               = 1.97021e-07
    gm                 = 8.46851e-07
    gds                = 2.70302e-09
    vdsat              = 0.0738863
    vth                = 0.538339
    id                 = 4.38598e-08
    ibd                = -1.47713e-12
    ibs                = -9.957e-16
    gbd                = 2e-12
    gbs                = 2.07114e-12
    isub               = 2.14017e-17
    igidl              = 0
    igisl              = 0
    igs                = 0
    igd                = 0
    igb                = 0
    igcs               = 0
    igcd               = 0
    vbs                = -0.000480631
    vgs                = 0.578717
    vds                = 0.736879
    cgg                = 1.90401e-13
    cgs                = -1.67646e-13
    cgd                = -8.33777e-17
    cbg                = -3.3608e-14
    cbd                = -3.39393e-17
    cbs                = -3.17499e-14
    cdg                = -6.28009e-14
    cdd                = 9.27767e-17
    cds                = 7.98225e-14
    csg                = -9.39923e-14
    csd                = 2.45403e-17
    css                = 1.19573e-13
    cgb                = -2.26721e-14
    cdb                = -1.71144e-14
    csb                = -2.56053e-14
    cbb                = 6.53918e-14
    capbd              = 9.92471e-16
    capbs              = 1.37327e-15
    qg                 = 1.43655e-13
    qb                 = -1.04898e-13
    qd                 = -1.55174e-14
    qs                 = -2.32389e-14
    qinv               = 0
    qdef               = 0
    gcrg               = 0
    gtau               = 0
    vgsteff            = 0.0478264
    vdseff             = 0.0727902
    cgso               = 4.92627e-16
    cgdo               = 4.92627e-16
    cgbo               = 3.99605e-18
    weff               = 9.56282e-07
    leff               = 1.99761e-05
m.x1.xm2.msky130_fd_pr__pfet_01v8:
    model              = x1.xm2:pshort_model.33
    l                  = 1e-05
    w                  = 1e-06
    m                  = 2
    nf                 = 1
    sa                 = 0
    sb                 = 0
    sd                 = 0
    sca                = 0
    scb                = 0
    scc                = 0
    sc                 = 0
    min                = 0
    ad                 = 2.9e-13
    as                 = 2.9e-13
    pd                 = 2.58e-06
    ps                 = 2.58e-06
    nrd                = 0.29
    nrs                = 0.29
    off                = 0
    rbdb               = 50
    rbsb               = 50
    rbpb               = 50
    rbps               = 50
    rbpd               = 50
    delvto             = 0
    mulu0              = 1
    xgw                = 0
    ngcon              = 1
    trnqsmod           = 0
    acnqsmod           = 0
    rbodymod           = 1
    rgatemod           = 0
    geomod             = 0
    rgeomod            = 0
    gmbs               = 1.73179e-07
    gm                 = 6.69894e-07
    gds                = 4.34933e-10
    vdsat              = 0.0892067
    vth                = 0.969474
    id                 = 4.38593e-08
    ibd                = -2.01181e-12
    ibs                = -2.41168e-17
    gbd                = 2e-12
    gbs                = 2.04983e-12
    isub               = 0
    igidl              = 0
    igisl              = 0
    igs                = 0
    igd                = 0
    igb                = 0
    igcs               = 0
    igcd               = 0
    vbs                = -1.17652e-05
    vgs                = 1.00503
    vds                = 1.00501
    cgg                = 8.73161e-14
    cgs                = -7.43444e-14
    cgd                = -1.13143e-17
    cbg                = -1.73363e-14
    cbd                = -4.45282e-18
    cbs                = -1.46904e-14
    cdg                = -2.80077e-14
    cdd                = 1.25132e-17
    cds                = 3.56285e-14
    csg                = -4.19721e-14
    csd                = 3.25393e-18
    css                = 5.34062e-14
    cgb                = -1.29605e-14
    cdb                = -7.63334e-15
    csb                = -1.14374e-14
    cbb                = 3.20312e-14
    capbd              = 8.47517e-16
    capbs              = 1.22148e-15
    qg                 = 7.11365e-14
    qb                 = -5.5348e-14
    qd                 = -6.31828e-15
    qs                 = -9.47017e-15
    qinv               = 0
    qdef               = -0
    gcrg               = 0
    gtau               = 0
    vgsteff            = 0.0648301
    vdseff             = 0.0882442
    cgso               = 1.48055e-16
    cgdo               = 1.45676e-16
    cgbo               = 0
    weff               = 9.85392e-07
    leff               = 1.0028e-05
m.x1.xm1.msky130_fd_pr__pfet_01v8:
    model              = x1.xm1:pshort_model.33
    l                  = 1e-05
    w                  = 1e-06
    m                  = 2
    nf                 = 1
    sa                 = 0
    sb                 = 0
    sd                 = 0
    sca                = 0
    scb                = 0
    scc                = 0
    sc                 = 0
    min                = 0
    ad                 = 2.9e-13
    as                 = 2.9e-13
    pd                 = 2.58e-06
    ps                 = 2.58e-06
    nrd                = 0.29
    nrs                = 0.29
    off                = 0
    rbdb               = 50
    rbsb               = 50
    rbpb               = 50
    rbps               = 50
    rbpd               = 50
    delvto             = 0
    mulu0              = 1
    xgw                = 0
    ngcon              = 1
    trnqsmod           = 0
    acnqsmod           = 0
    rbodymod           = 1
    rgatemod           = 0
    geomod             = 0
    rgeomod            = 0
    gmbs               = 1.73338e-07
    gm                 = 6.70579e-07
    gds                = 4.30708e-10
    vdsat              = 0.0892067
    vth                = 0.969474
    id                 = 4.39277e-08
    ibd                = -2.32814e-12
    ibs                = -2.41544e-17
    gbd                = 2e-12
    gbs                = 2.04983e-12
    isub               = 0
    igidl              = 2.6106e-55
    igisl              = 0
    igs                = 0
    igd                = 0
    igb                = 0
    igcs               = 0
    igcd               = 0
    vbs                = -1.17836e-05
    vgs                = 1.00503
    vds                = 1.16318
    cgg                = 8.73078e-14
    cgs                = -7.43379e-14
    cgd                = -7.0673e-18
    cbg                = -1.73396e-14
    cbd                = -2.78139e-18
    cbs                = -1.46876e-14
    cdg                = -2.79985e-14
    cdd                = 7.82519e-18
    cds                = 3.56212e-14
    csg                = -4.19697e-14
    csd                = 2.0235e-18
    css                = 5.34043e-14
    cgb                = -1.29628e-14
    cdb                = -7.63046e-15
    csb                = -1.14367e-14
    cbb                = 3.203e-14
    capbd              = 8.1513e-16
    capbs              = 1.22148e-15
    qg                 = 7.11351e-14
    qb                 = -5.53486e-14
    qd                 = -6.31671e-15
    qs                 = -9.46976e-15
    qinv               = 0
    qdef               = -0
    gcrg               = 0
    gtau               = 0
    vgsteff            = 0.0648301
    vdseff             = 0.0883844
    cgso               = 1.48055e-16
    cgdo               = 1.43008e-16
    cgbo               = 0
    weff               = 9.85392e-07
    leff               = 1.0028e-05
m.x1.xm3.msky130_fd_pr__nfet_01v8:
    model              = x1.xm3:nshort_model.33
    l                  = 1.3e-05
    w                  = 9e-07
    m                  = 2
    nf                 = 1
    sa                 = 0
    sb                 = 0
    sd                 = 0
    sca                = 0
    scb                = 0
    scc                = 0
    sc                 = 0
    min                = 0
    ad                 = 2.61e-13
    as                 = 2.61e-13
    pd                 = 2.38e-06
    ps                 = 2.38e-06
    nrd                = 0.322222
    nrs                = 0.322222
    off                = 0
    rbdb               = 50
    rbsb               = 50
    rbpb               = 50
    rbps               = 50
    rbpd               = 50
    delvto             = 0
    mulu0              = 1
    xgw                = 0
    ngcon              = 1
    trnqsmod           = 0
    acnqsmod           = 0
    rbodymod           = 1
    rgatemod           = 0
    geomod             = 0
    rgeomod            = 0
    gmbs               = 1.02507e-07
    gm                 = 4.59075e-07
    gds                = 2.00188e-09
    vdsat              = 0.0555375
    vth                = 0.570632
    id                 = 2.09758e-08
    ibd                = -1.56881e-12
    ibs                = -2.58374e-13
    gbd                = 2e-12
    gbs                = 2.00144e-12
    isub               = 1.01883e-18
    igidl              = 0
    igisl              = 0
    igs                = 0
    igd                = 0
    igb                = 0
    igcs               = 0
    igcd               = 0
    vbs                = -0.128101
    vgs                = 0.5569
    vds                = 0.655192
    cgg                = 1.03018e-13
    cgs                = -8.82932e-14
    cgd                = -5.0652e-17
    cbg                = -1.96828e-14
    cbd                = -1.99517e-17
    cbs                = -1.6165e-14
    cdg                = -3.3385e-14
    cdd                = 5.57752e-17
    cds                = 4.18216e-14
    csg                = -4.99497e-14
    csd                = 1.48286e-17
    css                = 6.26365e-14
    cgb                = -1.46737e-14
    cdb                = -8.49238e-15
    csb                = -1.27017e-14
    cbb                = 3.58678e-14
    capbd              = 8.84766e-16
    capbs              = 1.15136e-15
    qg                 = 8.39707e-14
    qb                 = -6.61734e-14
    qd                 = -7.1271e-15
    qs                 = -1.06702e-14
    qinv               = 0
    qdef               = 0
    gcrg               = 0
    gtau               = 0
    vgsteff            = 0.0217344
    vdseff             = 0.0546278
    cgso               = 4.43364e-16
    cgdo               = 4.43364e-16
    cgbo               = 2.59605e-18
    weff               = 8.56282e-07
    leff               = 1.29761e-05
m.x1.xm11.msky130_fd_pr__nfet_01v8:
    model              = x1.xm11:nshort_model.33
    l                  = 2e-05
    w                  = 1e-06
    m                  = 2
    nf                 = 1
    sa                 = 0
    sb                 = 0
    sd                 = 0
    sca                = 0
    scb                = 0
    scc                = 0
    sc                 = 0
    min                = 0
    ad                 = 2.9e-13
    as                 = 2.9e-13
    pd                 = 2.58e-06
    ps                 = 2.58e-06
    nrd                = 0.29
    nrs                = 0.29
    off                = 0
    rbdb               = 50
    rbsb               = 50
    rbpb               = 50
    rbps               = 50
    rbpd               = 50
    delvto             = 0
    mulu0              = 1
    xgw                = 0
    ngcon              = 1
    trnqsmod           = 0
    acnqsmod           = 0
    rbodymod           = 1
    rgatemod           = 0
    geomod             = 0
    rgeomod            = 0
    gmbs               = 1.94299e-07
    gm                 = 8.2027e-07
    gds                = 1.25199e-08
    vdsat              = 0.0741619
    vth                = 0.538215
    id                 = 4.22875e-08
    ibd                = -2.99986e-13
    ibs                = -6.76715e-18
    gbd                = 2.00084e-12
    gbs                = 2.07216e-12
    isub               = 5.10012e-24
    igidl              = 0
    igisl              = 0
    igs                = 0
    igd                = 0
    igb                = 0
    igcs               = 0
    igcd               = 0
    vbs                = -3.26574e-06
    vgs                = 0.579194
    vds                = 0.148797
    cgg                = 2.07002e-13
    cgs                = -1.62314e-13
    cgd                = -2.6332e-14
    cbg                = -2.68966e-14
    cbd                = -1.07214e-14
    cbs                = -2.98899e-14
    cdg                = -8.01245e-14
    cdd                = 2.73577e-14
    cds                = 7.46571e-14
    csg                = -9.99812e-14
    csd                = 9.69565e-15
    css                = 1.17546e-13
    cgb                = -1.83566e-14
    cdb                = -2.18903e-14
    csb                = -2.72609e-14
    cbb                = 6.75078e-14
    capbd              = 1.26052e-15
    capbs              = 1.37368e-15
    qg                 = 1.45317e-13
    qb                 = -1.04239e-13
    qd                 = -1.72399e-14
    qs                 = -2.3838e-14
    qinv               = 0
    qdef               = 0
    gcrg               = 0
    gtau               = 0
    vgsteff            = 0.0482027
    vdseff             = 0.0661566
    cgso               = 4.92627e-16
    cgdo               = 4.92627e-16
    cgbo               = 3.99605e-18
    weff               = 9.56282e-07
    leff               = 1.99761e-05
m.x1.xm10.msky130_fd_pr__pfet_01v8:
    model              = x1.xm10:pshort_model.33
    l                  = 1e-05
    w                  = 1e-06
    m                  = 4
    nf                 = 1
    sa                 = 0
    sb                 = 0
    sd                 = 0
    sca                = 0
    scb                = 0
    scc                = 0
    sc                 = 0
    min                = 0
    ad                 = 2.9e-13
    as                 = 2.9e-13
    pd                 = 2.58e-06
    ps                 = 2.58e-06
    nrd                = 0.29
    nrs                = 0.29
    off                = 0
    rbdb               = 50
    rbsb               = 50
    rbpb               = 50
    rbps               = 50
    rbpd               = 50
    delvto             = 0
    mulu0              = 1
    xgw                = 0
    ngcon              = 1
    trnqsmod           = 0
    acnqsmod           = 0
    rbodymod           = 1
    rgatemod           = 0
    geomod             = 0
    rgeomod            = 0
    gmbs               = 1.84712e-07
    gm                 = 7.04119e-07
    gds                = 5.18324e-10
    vdsat              = 0.0698033
    vth                = 0.969472
    id                 = 4.22814e-08
    ibd                = -6.37788e-12
    ibs                = -2.32492e-17
    gbd                = 4e-12
    gbs                = 4.09967e-12
    isub               = 0
    igidl              = 1.607e-20
    igisl              = 0
    igs                = 0
    igd                = 0
    igb                = 0
    igcs               = 0
    igcd               = 0
    vbs                = -5.67097e-06
    vgs                = 0.959099
    vds                = 1.59358
    cgg                = 1.61891e-13
    cgs                = -1.32e-13
    cgd                = -4.0306e-18
    cbg                = -3.69929e-14
    cbd                = -1.58627e-18
    cbs                = -2.72736e-14
    cdg                = -4.99686e-14
    cdd                = 4.47175e-18
    cds                = 6.37197e-14
    csg                = -7.49295e-14
    csd                = 1.14512e-18
    css                = 9.55541e-14
    cgb                = -2.98867e-14
    cdb                = -1.37556e-14
    csb                = -2.06257e-14
    cbb                = 6.4268e-14
    capbd              = 1.48647e-15
    capbs              = 2.44297e-15
    qg                 = 1.34534e-13
    qb                 = -1.09054e-13
    qd                 = -1.01936e-14
    qs                 = -1.52861e-14
    qinv               = 0
    qdef               = -0
    gcrg               = 0
    gtau               = 0
    vgsteff            = 0.0396088
    vdseff             = 0.0693483
    cgso               = 2.96105e-16
    cgdo               = 2.75532e-16
    cgbo               = 0
    weff               = 9.85392e-07
    leff               = 1.0028e-05
m.x1.xm5.msky130_fd_pr__nfet_01v8:
    model              = x1.xm5:nshort_model.33
    l                  = 2e-05
    w                  = 1e-06
    m                  = 2
    nf                 = 1
    sa                 = 0
    sb                 = 0
    sd                 = 0
    sca                = 0
    scb                = 0
    scc                = 0
    sc                 = 0
    min                = 0
    ad                 = 2.9e-13
    as                 = 2.9e-13
    pd                 = 2.58e-06
    ps                 = 2.58e-06
    nrd                = 0.29
    nrs                = 0.29
    off                = 0
    rbdb               = 50
    rbsb               = 50
    rbpb               = 50
    rbps               = 50
    rbpd               = 50
    delvto             = 0
    mulu0              = 1
    xgw                = 0
    ngcon              = 1
    trnqsmod           = 0
    acnqsmod           = 0
    rbodymod           = 1
    rgatemod           = 0
    geomod             = 0
    rgeomod            = 0
    gmbs               = 1.92179e-07
    gm                 = 8.10612e-07
    gds                = 2.11489e-08
    vdsat              = 0.0741619
    vth                = 0.538215
    id                 = 4.19506e-08
    ibd                = -2.58553e-13
    ibs                = -6.71323e-18
    gbd                = 2.00157e-12
    gbs                = 2.07216e-12
    isub               = 3.91569e-24
    igidl              = 0
    igisl              = 0
    igs                = 0
    igd                = 0
    igb                = 0
    igcs               = 0
    igcd               = 0
    vbs                = -3.23971e-06
    vgs                = 0.579194
    vds                = 0.128093
    cgg                = 2.13101e-13
    cgs                = -1.58012e-13
    cgd                = -3.83287e-14
    cbg                = -2.44133e-14
    cbd                = -1.5606e-14
    cbs                = -2.82889e-14
    cdg                = -8.62629e-14
    cdd                = 3.93132e-14
    cds                = 7.05539e-14
    csg                = -1.02425e-13
    csd                = 1.46214e-14
    css                = 1.15747e-13
    cgb                = -1.67607e-14
    cdb                = -2.36043e-14
    csb                = -2.79433e-14
    cbb                = 6.83082e-14
    capbd              = 1.27457e-15
    capbs              = 1.37368e-15
    qg                 = 1.4598e-13
    qb                 = -1.03969e-13
    qd                 = -1.79242e-14
    qs                 = -2.40868e-14
    qinv               = 0
    qdef               = 0
    gcrg               = 0
    gtau               = 0
    vgsteff            = 0.0482027
    vdseff             = 0.0641344
    cgso               = 4.92627e-16
    cgdo               = 4.92627e-16
    cgbo               = 3.99605e-18
    weff               = 9.56282e-07
    leff               = 1.99761e-05
m.x1.xm9.msky130_fd_pr__pfet_01v8:
    model              = x1.xm9:pshort_model.33
    l                  = 1e-05
    w                  = 1e-06
    m                  = 2
    nf                 = 1
    sa                 = 0
    sb                 = 0
    sd                 = 0
    sca                = 0
    scb                = 0
    scc                = 0
    sc                 = 0
    min                = 0
    ad                 = 2.9e-13
    as                 = 2.9e-13
    pd                 = 2.58e-06
    ps                 = 2.58e-06
    nrd                = 0.29
    nrs                = 0.29
    off                = 0
    rbdb               = 50
    rbsb               = 50
    rbpb               = 50
    rbps               = 50
    rbpd               = 50
    delvto             = 0
    mulu0              = 1
    xgw                = 0
    ngcon              = 1
    trnqsmod           = 0
    acnqsmod           = 0
    rbodymod           = 1
    rgatemod           = 0
    geomod             = 0
    rgeomod            = 0
    gmbs               = 9.18896e-08
    gm                 = 3.50113e-07
    gds                = 2.63809e-10
    vdsat              = 0.0698033
    vth                = 0.969472
    id                 = 2.09753e-08
    ibd                = -1.91996e-12
    ibs                = -1.15337e-17
    gbd                = 2e-12
    gbs                = 2.04983e-12
    isub               = 0
    igidl              = 0
    igisl              = 0
    igs                = 0
    igd                = 0
    igb                = 0
    igcs               = 0
    igcd               = 0
    vbs                = -5.62661e-06
    vgs                = 0.959099
    vds                = 0.959094
    cgg                = 8.09633e-14
    cgs                = -6.60152e-14
    cgd                = -9.92374e-18
    cbg                = -1.84895e-14
    cbd                = -3.90557e-18
    cbs                = -1.36433e-14
    cdg                = -2.5004e-14
    cdd                = 1.09729e-17
    cds                = 3.1877e-14
    csg                = -3.74699e-14
    csd                = 2.85645e-18
    css                = 4.77815e-14
    cgb                = -1.49382e-14
    cdb                = -6.88401e-15
    csb                = -1.03145e-14
    cbb                = 3.21367e-14
    capbd              = 8.57686e-16
    capbs              = 1.22149e-15
    qg                 = 6.72699e-14
    qb                 = -5.45259e-14
    qd                 = -5.10006e-15
    qs                 = -7.6439e-15
    qinv               = 0
    qdef               = -0
    gcrg               = 0
    gtau               = 0
    vgsteff            = 0.0396089
    vdseff             = 0.0690278
    cgso               = 1.48052e-16
    cgdo               = 1.45676e-16
    cgbo               = 0
    weff               = 9.85392e-07
    leff               = 1.0028e-05
m.x1.xm8.msky130_fd_pr__pfet_01v8:
    model              = x1.xm8:pshort_model.33
    l                  = 1e-05
    w                  = 1e-06
    m                  = 2
    nf                 = 1
    sa                 = 0
    sb                 = 0
    sd                 = 0
    sca                = 0
    scb                = 0
    scc                = 0
    sc                 = 0
    min                = 0
    ad                 = 2.9e-13
    as                 = 2.9e-13
    pd                 = 2.58e-06
    ps                 = 2.58e-06
    nrd                = 0.29
    nrs                = 0.29
    off                = 0
    rbdb               = 50
    rbsb               = 50
    rbpb               = 50
    rbps               = 50
    rbpd               = 50
    delvto             = 0
    mulu0              = 1
    xgw                = 0
    ngcon              = 1
    trnqsmod           = 0
    acnqsmod           = 0
    rbodymod           = 1
    rgatemod           = 0
    geomod             = 0
    rgeomod            = 0
    gmbs               = 9.18896e-08
    gm                 = 3.50113e-07
    gds                = 2.63809e-10
    vdsat              = 0.0698033
    vth                = 0.969472
    id                 = 2.09753e-08
    ibd                = -1.91996e-12
    ibs                = -1.15337e-17
    gbd                = 2e-12
    gbs                = 2.04983e-12
    isub               = 0
    igidl              = 0
    igisl              = 0
    igs                = 0
    igd                = 0
    igb                = 0
    igcs               = 0
    igcd               = 0
    vbs                = -5.62661e-06
    vgs                = 0.959099
    vds                = 0.959094
    cgg                = 8.09633e-14
    cgs                = -6.60152e-14
    cgd                = -9.92374e-18
    cbg                = -1.84895e-14
    cbd                = -3.90557e-18
    cbs                = -1.36433e-14
    cdg                = -2.5004e-14
    cdd                = 1.09729e-17
    cds                = 3.1877e-14
    csg                = -3.74699e-14
    csd                = 2.85645e-18
    css                = 4.77815e-14
    cgb                = -1.49382e-14
    cdb                = -6.88401e-15
    csb                = -1.03145e-14
    cbb                = 3.21367e-14
    capbd              = 8.57686e-16
    capbs              = 1.22149e-15
    qg                 = 6.72699e-14
    qb                 = -5.45259e-14
    qd                 = -5.10006e-15
    qs                 = -7.6439e-15
    qinv               = 0
    qdef               = -0
    gcrg               = 0
    gtau               = 0
    vgsteff            = 0.0396089
    vdseff             = 0.0690278
    cgso               = 1.48052e-16
    cgdo               = 1.45676e-16
    cgbo               = 0
    weff               = 9.85392e-07
    leff               = 1.0028e-05
v3:
    model              = V
    dc                 = 0.685
    acmag              = 1
    pulse              = 0.685
    pulse              = 1
    pulse              = 1
    sin                = 0.685
    sin                = 1
    sin                = 1
    exp                = 0.685
    exp                = 1
    exp                = 1
    pwl                = 0.685
    pwl                = 1
    pwl                = 1
    sffm               = 0.685
    sffm               = 1
    sffm               = 1
    am                 = 0.685
    am                 = 1
    am                 = 1
    trnoise            = 0.685
    trnoise            = 1
    trnoise            = 1
    trrandom           = 0.685
    trrandom           = 1
    trrandom           = 1
    portnum            = 0
    z0                 = 0
    pwr                = 0
    freq               = 0
    phase              = 0
    i                  = -4.6001e-13
    p                  = -3.15107e-13
v2:
    model              = V
    dc                 = 0.685
    acmag              = 0
    pulse              =         -
    sin                =         -
    exp                =         -
    pwl                =         -
    sffm               =         -
    am                 =         -
    trnoise            =         -
    trrandom           =         -
    portnum            = 0
    z0                 = 0
    pwr                = 0
    freq               = 0
    phase              = 0
    i                  = 1.92978e-13
    p                  = 1.3219e-13
v1:
    model              = V
    dc                 = 1.7424
    acmag              = 0
    pulse              =         -
    sin                =         -
    exp                =         -
    pwl                =         -
    sffm               =         -
    am                 =         -
    trnoise            =         -
    trrandom           =         -
    portnum            = 0
    z0                 = 0
    pwr                = 0
    freq               = 0
    phase              = 0
    i                  = -1.72034e-07
    p                  = -2.99751e-07
