
Circuit 1 cell sky130_fd_pr__cap_mim_m3_1 and Circuit 2 cell sky130_fd_pr__cap_mim_m3_1 are black boxes.
Warning: Equate pins:  cell sky130_fd_pr__cap_mim_m3_1 is a placeholder, treated as a black box.
Warning: Equate pins:  cell sky130_fd_pr__cap_mim_m3_1 is a placeholder, treated as a black box.

Subcircuit pins:
Circuit 1: sky130_fd_pr__cap_mim_m3_1      |Circuit 2: sky130_fd_pr__cap_mim_m3_1      
-------------------------------------------|-------------------------------------------
1                                          |1                                          
2                                          |2                                          
---------------------------------------------------------------------------------------
Cell pin lists are equivalent.
Device classes sky130_fd_pr__cap_mim_m3_1 and sky130_fd_pr__cap_mim_m3_1 are equivalent.
Flattening unmatched subcell sky130_fd_pr__cap_mim_m3_1_SXWHWZ in circuit cap_op (0)(1 instance)

Class cap_op (0):  Merged 13 parallel devices.
Subcircuit summary:
Circuit 1: cap_op                          |Circuit 2: cap_op                          
-------------------------------------------|-------------------------------------------
sky130_fd_pr__cap_mim_m3_1 (16->3)         |sky130_fd_pr__cap_mim_m3_1 (16->3)         
Number of devices: 3                       |Number of devices: 3                       
Number of nets: 3                          |Number of nets: 3                          
---------------------------------------------------------------------------------------
Netlists match uniquely.

Subcircuit pins:
Circuit 1: cap_op                          |Circuit 2: cap_op                          
-------------------------------------------|-------------------------------------------
A                                          |A                                          
B                                          |B                                          
AVSS                                       |AVSS                                       
---------------------------------------------------------------------------------------
Cell pin lists are equivalent.
Device classes cap_op and cap_op are equivalent.

Final result: Circuits match uniquely.
.
