
Circuit 1 cell sky130_fd_pr__nfet_01v8 and Circuit 2 cell sky130_fd_pr__nfet_01v8 are black boxes.
Warning: Equate pins:  cell sky130_fd_pr__nfet_01v8 is a placeholder, treated as a black box.
Warning: Equate pins:  cell sky130_fd_pr__nfet_01v8 is a placeholder, treated as a black box.

Subcircuit pins:
Circuit 1: sky130_fd_pr__nfet_01v8         |Circuit 2: sky130_fd_pr__nfet_01v8         
-------------------------------------------|-------------------------------------------
1                                          |1                                          
2                                          |2                                          
3                                          |3                                          
4                                          |4                                          
---------------------------------------------------------------------------------------
Cell pin lists are equivalent.
Device classes sky130_fd_pr__nfet_01v8 and sky130_fd_pr__nfet_01v8 are equivalent.
Flattening unmatched subcell sky130_fd_pr__nfet_01v8_BHCXYW in circuit diff_pair (0)(2 instances)
Flattening unmatched subcell sky130_fd_pr__nfet_01v8_HB7GG4 in circuit diff_pair (0)(4 instances)

Class diff_pair (0):  Merged 4 parallel devices.
Subcircuit summary:
Circuit 1: diff_pair                       |Circuit 2: diff_pair                       
-------------------------------------------|-------------------------------------------
sky130_fd_pr__nfet_01v8 (8->4)             |sky130_fd_pr__nfet_01v8 (8->4)             
Number of devices: 4                       |Number of devices: 4                       
Number of nets: 6                          |Number of nets: 6                          
---------------------------------------------------------------------------------------
Resolving symmetries by property value.
Resolving symmetries by pin name.
Netlists match uniquely.

Subcircuit pins:
Circuit 1: diff_pair                       |Circuit 2: diff_pair                       
-------------------------------------------|-------------------------------------------
GND                                        |GND                                        
minus                                      |minus                                      
plus                                       |plus                                       
S                                          |S                                          
D4                                         |D4                                         
D3                                         |D3                                         
---------------------------------------------------------------------------------------
Cell pin lists are equivalent.
Device classes diff_pair and diff_pair are equivalent.

Final result: Circuits match uniquely.
.
