
Circuit 1 cell sky130_fd_pr__nfet_01v8 and Circuit 2 cell sky130_fd_pr__nfet_01v8 are black boxes.
Warning: Equate pins:  cell sky130_fd_pr__nfet_01v8 is a placeholder, treated as a black box.
Warning: Equate pins:  cell sky130_fd_pr__nfet_01v8 is a placeholder, treated as a black box.

Subcircuit pins:
Circuit 1: sky130_fd_pr__nfet_01v8         |Circuit 2: sky130_fd_pr__nfet_01v8         
-------------------------------------------|-------------------------------------------
1                                          |1                                          
2                                          |2                                          
3                                          |3                                          
4                                          |4                                          
---------------------------------------------------------------------------------------
Cell pin lists are equivalent.
Device classes sky130_fd_pr__nfet_01v8 and sky130_fd_pr__nfet_01v8 are equivalent.
Flattening unmatched subcell sky130_fd_pr__nfet_01v8_3YKU97 in circuit nmos_tail_current (0)(1 instance)
Flattening unmatched subcell sky130_fd_pr__nfet_01v8_P5G96Q in circuit nmos_tail_current (0)(5 instances)
Flattening unmatched subcell sky130_fd_pr__nfet_01v8_6H9P4D in circuit nmos_tail_current (0)(8 instances)
Flattening unmatched subcell sky130_fd_pr__nfet_01v8_3KF9AC in circuit nmos_tail_current (0)(1 instance)
Flattening unmatched subcell sky130_fd_pr__nfet_01v8_BSRS8Q in circuit nmos_tail_current (0)(1 instance)

Class nmos_tail_current (0):  Merged 8 parallel devices.
Subcircuit summary:
Circuit 1: nmos_tail_current               |Circuit 2: nmos_tail_current               
-------------------------------------------|-------------------------------------------
sky130_fd_pr__nfet_01v8 (16->8)            |sky130_fd_pr__nfet_01v8 (16->8)            
Number of devices: 8                       |Number of devices: 8                       
Number of nets: 6                          |Number of nets: 6                          
---------------------------------------------------------------------------------------
NET mismatches: Class fragments follow (with fanout counts):
Circuit 1: nmos_tail_current               |Circuit 2: nmos_tail_current               

---------------------------------------------------------------------------------------
Net: D4                                    |Net: D4                                    
  sky130_fd_pr__nfet_01v8/(1|3) = 2        |  sky130_fd_pr__nfet_01v8/(1|3) = 2        
                                           |                                           
Net: D3                                    |Net: D3                                    
  sky130_fd_pr__nfet_01v8/(1|3) = 2        |  sky130_fd_pr__nfet_01v8/(1|3) = 2        
                                           |                                           
Net: D1                                    |Net: D1                                    
  sky130_fd_pr__nfet_01v8/(1|3) = 2        |  sky130_fd_pr__nfet_01v8/(1|3) = 2        
---------------------------------------------------------------------------------------

---------------------------------------------------------------------------------------
Net: GND                                   |Net: GND                                   
  sky130_fd_pr__nfet_01v8/4 = 8            |  sky130_fd_pr__nfet_01v8/4 = 8            
  sky130_fd_pr__nfet_01v8/(1|3) = 7        |  sky130_fd_pr__nfet_01v8/(1|3) = 7        
  sky130_fd_pr__nfet_01v8/2 = 4            |  sky130_fd_pr__nfet_01v8/2 = 4            
---------------------------------------------------------------------------------------

---------------------------------------------------------------------------------------
Net: D2                                    |Net: D2                                    
  sky130_fd_pr__nfet_01v8/(1|3) = 2        |  sky130_fd_pr__nfet_01v8/(1|3) = 2        
  sky130_fd_pr__nfet_01v8/2 = 4            |  sky130_fd_pr__nfet_01v8/2 = 4            
---------------------------------------------------------------------------------------

---------------------------------------------------------------------------------------
Net: S2                                    |Net: S2                                    
  sky130_fd_pr__nfet_01v8/(1|3) = 1        |  sky130_fd_pr__nfet_01v8/(1|3) = 1        
---------------------------------------------------------------------------------------
DEVICE mismatches: Class fragments follow (with node fanout counts):
Circuit 1: nmos_tail_current               |Circuit 2: nmos_tail_current               

---------------------------------------------------------------------------------------
Instance: sky130_fd_pr__nfet_01v8_P5G96Q_6 |Instance: sky130_fd_pr__nfet_01v8:M8       
  (1,3) = (19,2)                           |  (1,3) = (19,2)                           
  2 = 6                                    |  2 = 6                                    
  4 = 19                                   |  4 = 19                                   
                                           |                                           
Instance: sky130_fd_pr__nfet_01v8_P5G96Q_4 |Instance: sky130_fd_pr__nfet_01v8:M7       
  (1,3) = (19,2)                           |  (1,3) = (19,2)                           
  2 = 6                                    |  2 = 6                                    
  4 = 19                                   |  4 = 19                                   
                                           |                                           
Instance: sky130_fd_pr__nfet_01v8_P5G96Q_1 |Instance: sky130_fd_pr__nfet_01v8:M5       
  (1,3) = (19,2)                           |  (1,3) = (19,6)                           
  2 = 6                                    |  2 = 6                                    
  4 = 19                                   |  4 = 19                                   
                                           |                                           
Instance: sky130_fd_pr__nfet_01v8_3YKU97_0 |Instance: sky130_fd_pr__nfet_01v8:M6       
  (1,3) = (6,1)                            |  (1,3) = (2,1)                            
  2 = 6                                    |  2 = 6                                    
  4 = 19                                   |  4 = 19                                   
---------------------------------------------------------------------------------------
Netlists do not match.

Subcircuit pins:
Circuit 1: nmos_tail_current               |Circuit 2: nmos_tail_current               
-------------------------------------------|-------------------------------------------
D4                                         |D4                                         
D3                                         |D3                                         
D1                                         |D1                                         
GND                                        |GND                                        
D2                                         |D2                                         
S2                                         |S2                                         
---------------------------------------------------------------------------------------
Cell pin lists are equivalent.
Device classes nmos_tail_current and nmos_tail_current are equivalent.

Final result: Netlists do not match.
