
Circuit 1 cell sky130_fd_pr__nfet_01v8 and Circuit 2 cell sky130_fd_pr__nfet_01v8 are black boxes.
Warning: Equate pins:  cell sky130_fd_pr__nfet_01v8 is a placeholder, treated as a black box.
Warning: Equate pins:  cell sky130_fd_pr__nfet_01v8 is a placeholder, treated as a black box.

Subcircuit pins:
Circuit 1: sky130_fd_pr__nfet_01v8         |Circuit 2: sky130_fd_pr__nfet_01v8         
-------------------------------------------|-------------------------------------------
1                                          |1                                          
2                                          |2                                          
3                                          |3                                          
4                                          |4                                          
---------------------------------------------------------------------------------------
Cell pin lists are equivalent.
Device classes sky130_fd_pr__nfet_01v8 and sky130_fd_pr__nfet_01v8 are equivalent.
Flattening unmatched subcell sky130_fd_pr__nfet_01v8_CJRLGR in circuit nmos_startup (0)(1 instance)
Flattening unmatched subcell sky130_fd_pr__nfet_01v8_6H9P4D in circuit nmos_startup (0)(4 instances)

Class nmos_startup (0):  Merged 6 parallel devices.
Subcircuit summary:
Circuit 1: nmos_startup                    |Circuit 2: nmos_startup                    
-------------------------------------------|-------------------------------------------
sky130_fd_pr__nfet_01v8 (8->2)             |sky130_fd_pr__nfet_01v8 (8->2)             
Number of devices: 2                       |Number of devices: 2                       
Number of nets: 3                          |Number of nets: 3                          
---------------------------------------------------------------------------------------
Netlists match uniquely.

Subcircuit pins:
Circuit 1: nmos_startup                    |Circuit 2: nmos_startup                    
-------------------------------------------|-------------------------------------------
AVSS                                       |AVSS                                       
G1                                         |G1                                         
D1                                         |D1                                         
---------------------------------------------------------------------------------------
Cell pin lists are equivalent.
Device classes nmos_startup and nmos_startup are equivalent.

Final result: Circuits match uniquely.
.
