Netgen 1.5.300 compiled on Tue Sep 30 09:49:28 PM CEST 2025
Warning: netgen command 'format' use fully-qualified name '::netgen::format'
Warning: netgen command 'global' use fully-qualified name '::netgen::global'
Reading netlist file /foss/designs/sky130_gff_ip__bgr_1.2v/magic/pmos_current_bgr.ext.spc
Call to undefined subcircuit sky130_fd_pr__pfet_01v8
Creating placeholder cell definition.
Reading netlist file /foss/designs/sky130_gff_ip__bgr_1.2v/magic/pmos_current_bgr.sch.spc
Call to undefined subcircuit sky130_fd_pr__pfet_01v8
Creating placeholder cell definition.

Reading setup file /foss/pdks/sky130A/libs.tech/netgen/sky130A_setup.tcl

Model sky130_fd_pr__pfet_01v8 pin 1 == 3
No property mult found for device sky130_fd_pr__pfet_01v8
No property sa found for device sky130_fd_pr__pfet_01v8
No property sb found for device sky130_fd_pr__pfet_01v8
No property sd found for device sky130_fd_pr__pfet_01v8
No property nf found for device sky130_fd_pr__pfet_01v8
No property nrd found for device sky130_fd_pr__pfet_01v8
No property nrs found for device sky130_fd_pr__pfet_01v8
No property area found for device sky130_fd_pr__pfet_01v8
No property perim found for device sky130_fd_pr__pfet_01v8
No property topography found for device sky130_fd_pr__pfet_01v8
Model sky130_fd_pr__pfet_01v8 pin 1 == 3
No property as found for device sky130_fd_pr__pfet_01v8
No property ad found for device sky130_fd_pr__pfet_01v8
No property ps found for device sky130_fd_pr__pfet_01v8
No property pd found for device sky130_fd_pr__pfet_01v8
No property mult found for device sky130_fd_pr__pfet_01v8
No property sa found for device sky130_fd_pr__pfet_01v8
No property sb found for device sky130_fd_pr__pfet_01v8
No property sd found for device sky130_fd_pr__pfet_01v8
No property nrd found for device sky130_fd_pr__pfet_01v8
No property nrs found for device sky130_fd_pr__pfet_01v8
No property area found for device sky130_fd_pr__pfet_01v8
No property perim found for device sky130_fd_pr__pfet_01v8
No property topography found for device sky130_fd_pr__pfet_01v8
Comparison output logged to file /foss/designs/sky130_gff_ip__bgr_1.2v/magic/pmos_current_bgr.lvs.out
Logging to file "/foss/designs/sky130_gff_ip__bgr_1.2v/magic/pmos_current_bgr.lvs.out" enabled
Circuit sky130_fd_pr__pfet_01v8 contains no devices.

Contents of circuit 1:  Circuit: 'pmos_current_bgr'
Circuit pmos_current_bgr contains 12 device instances.
  Class: sky130_fd_pr__pfet_01v8 instances:  12
Circuit contains 4 nets.
Contents of circuit 2:  Circuit: 'pmos_current_bgr'
Circuit pmos_current_bgr contains 4 device instances.
  Class: sky130_fd_pr__pfet_01v8 instances:   4
Circuit contains 4 nets.

Circuit was modified by parallel/series device merging.
New circuit summary:

Contents of circuit 1:  Circuit: 'pmos_current_bgr'
Circuit pmos_current_bgr contains 4 device instances.
  Class: sky130_fd_pr__pfet_01v8 instances:   4
Circuit contains 4 nets.
Contents of circuit 2:  Circuit: 'pmos_current_bgr'
Circuit pmos_current_bgr contains 4 device instances.
  Class: sky130_fd_pr__pfet_01v8 instances:   4
Circuit contains 4 nets.

Circuit 1 contains 4 devices, Circuit 2 contains 4 devices.
Circuit 1 contains 4 nets,    Circuit 2 contains 4 nets.


Final result: 
Circuits match uniquely.
.
Logging to file "/foss/designs/sky130_gff_ip__bgr_1.2v/magic/pmos_current_bgr.lvs.out" disabled
LVS Done.
