
Circuit 1 cell sky130_fd_pr__pfet_01v8 and Circuit 2 cell sky130_fd_pr__pfet_01v8 are black boxes.
Warning: Equate pins:  cell sky130_fd_pr__pfet_01v8 is a placeholder, treated as a black box.
Warning: Equate pins:  cell sky130_fd_pr__pfet_01v8 is a placeholder, treated as a black box.

Subcircuit pins:
Circuit 1: sky130_fd_pr__pfet_01v8         |Circuit 2: sky130_fd_pr__pfet_01v8         
-------------------------------------------|-------------------------------------------
1                                          |1                                          
2                                          |2                                          
3                                          |3                                          
4                                          |4                                          
---------------------------------------------------------------------------------------
Cell pin lists are equivalent.
Device classes sky130_fd_pr__pfet_01v8 and sky130_fd_pr__pfet_01v8 are equivalent.
Flattening unmatched subcell sky130_fd_pr__pfet_01v8_2ZH9EN in circuit pmos_ena (0)(4 instances)
Flattening unmatched subcell sky130_fd_pr__pfet_01v8_CVH45E in circuit pmos_ena (0)(1 instance)
Flattening unmatched subcell sky130_fd_pr__pfet_01v8_9XC4R9 in circuit pmos_ena (0)(1 instance)

Class pmos_ena (0):  Merged 6 parallel devices.
Subcircuit summary:
Circuit 1: pmos_ena                        |Circuit 2: pmos_ena                        
-------------------------------------------|-------------------------------------------
sky130_fd_pr__pfet_01v8 (8->2)             |sky130_fd_pr__pfet_01v8 (8->2)             
Number of devices: 2                       |Number of devices: 2                       
Number of nets: 4                          |Number of nets: 4                          
---------------------------------------------------------------------------------------
Netlists match uniquely.

Subcircuit pins:
Circuit 1: pmos_ena                        |Circuit 2: pmos_ena                        
-------------------------------------------|-------------------------------------------
G                                          |G                                          
AVDD                                       |avdd                                       
DVDD                                       |dvdd                                       
VDDE                                       |VDDE                                       
---------------------------------------------------------------------------------------
Cell pin lists are equivalent.
Device classes pmos_ena and pmos_ena are equivalent.

Final result: Circuits match uniquely.
.
