
Circuit 1 cell sky130_fd_pr__pfet_01v8 and Circuit 2 cell sky130_fd_pr__pfet_01v8 are black boxes.
Warning: Equate pins:  cell sky130_fd_pr__pfet_01v8 is a placeholder, treated as a black box.
Warning: Equate pins:  cell sky130_fd_pr__pfet_01v8 is a placeholder, treated as a black box.

Subcircuit pins:
Circuit 1: sky130_fd_pr__pfet_01v8         |Circuit 2: sky130_fd_pr__pfet_01v8         
-------------------------------------------|-------------------------------------------
1                                          |1                                          
2                                          |2                                          
3                                          |3                                          
4                                          |4                                          
---------------------------------------------------------------------------------------
Cell pin lists are equivalent.
Device classes sky130_fd_pr__pfet_01v8 and sky130_fd_pr__pfet_01v8 are equivalent.
Flattening unmatched subcell sky130_fd_pr__pfet_01v8_CVRJBD in circuit pmos_startup (0)(1 instance)
Flattening unmatched subcell sky130_fd_pr__pfet_01v8_8RMJP2 in circuit pmos_startup (0)(1 instance)
Flattening unmatched subcell sky130_fd_pr__pfet_01v8_2XUZHN in circuit pmos_startup (0)(4 instances)

Class pmos_startup (0):  Merged 1 parallel devices.
Class pmos_startup (1):  Merged 1 parallel devices.
Subcircuit summary:
Circuit 1: pmos_startup                    |Circuit 2: pmos_startup                    
-------------------------------------------|-------------------------------------------
sky130_fd_pr__pfet_01v8 (8->7)             |sky130_fd_pr__pfet_01v8 (8->7)             
Number of devices: 7                       |Number of devices: 7                       
Number of nets: 4                          |Number of nets: 4                          
---------------------------------------------------------------------------------------
Netlists match uniquely.

Subcircuit pins:
Circuit 1: pmos_startup                    |Circuit 2: pmos_startup                    
-------------------------------------------|-------------------------------------------
D4                                         |D4                                         
VDDE                                       |VDDE                                       
D2                                         |D2                                         
D3                                         |D3                                         
---------------------------------------------------------------------------------------
Cell pin lists are equivalent.
Device classes pmos_startup and pmos_startup are equivalent.

Final result: Circuits match uniquely.
.
