Netgen 1.5.300 compiled on Tue Sep 30 09:49:28 PM CEST 2025
Warning: netgen command 'format' use fully-qualified name '::netgen::format'
Warning: netgen command 'global' use fully-qualified name '::netgen::global'
Reading netlist file /foss/designs/sky130_gff_ip__bgr_1.2v/magic/resistorstart.ext.spc
Call to undefined subcircuit sky130_fd_pr__res_high_po_0p35
Creating placeholder cell definition.
Reading netlist file /foss/designs/sky130_gff_ip__bgr_1.2v/magic/resistorstart.sch.spc
Call to undefined subcircuit sky130_fd_pr__res_high_po_0p35
Creating placeholder cell definition.

Reading setup file /foss/pdks/sky130A/libs.tech/netgen/sky130A_setup.tcl

Model sky130_fd_pr__res_high_po_0p35 pin 1 == 2
No property w found for device sky130_fd_pr__res_high_po_0p35
No property w found for device sky130_fd_pr__res_high_po_0p35
No property value found for device sky130_fd_pr__res_high_po_0p35
No property w found for device sky130_fd_pr__res_high_po_0p35
No property mult found for device sky130_fd_pr__res_high_po_0p35
Model sky130_fd_pr__res_high_po_0p35 pin 1 == 2
No property w found for device sky130_fd_pr__res_high_po_0p35
No property w found for device sky130_fd_pr__res_high_po_0p35
No property value found for device sky130_fd_pr__res_high_po_0p35
No property w found for device sky130_fd_pr__res_high_po_0p35
Comparison output logged to file /foss/designs/sky130_gff_ip__bgr_1.2v/magic/resistorstart.lvs.out
Logging to file "/foss/designs/sky130_gff_ip__bgr_1.2v/magic/resistorstart.lvs.out" enabled
Circuit sky130_fd_pr__res_high_po_0p35 contains no devices.

Contents of circuit 1:  Circuit: 'resistorstart'
Circuit resistorstart contains 40 device instances.
  Class: sky130_fd_pr__res_high_po_0p35 instances:  40
Circuit contains 40 nets.
Contents of circuit 2:  Circuit: 'resistorstart'
Circuit resistorstart contains 40 device instances.
  Class: sky130_fd_pr__res_high_po_0p35 instances:  40
Circuit contains 40 nets.

Circuit was modified by parallel/series device merging.
New circuit summary:

Contents of circuit 1:  Circuit: 'resistorstart'
Circuit resistorstart contains 2 device instances.
  Class: sky130_fd_pr__res_high_po_0p35 instances:   2
Circuit contains 3 nets.
Contents of circuit 2:  Circuit: 'resistorstart'
Circuit resistorstart contains 2 device instances.
  Class: sky130_fd_pr__res_high_po_0p35 instances:   2
Circuit contains 3 nets.

Circuit 1 contains 2 devices, Circuit 2 contains 2 devices.
Circuit 1 contains 3 nets,    Circuit 2 contains 3 nets.


Final result: 
Circuits match uniquely.
.
Logging to file "/foss/designs/sky130_gff_ip__bgr_1.2v/magic/resistorstart.lvs.out" disabled
LVS Done.
