
Circuit 1 cell sky130_fd_pr__pfet_01v8 and Circuit 2 cell sky130_fd_pr__pfet_01v8 are black boxes.
Warning: Equate pins:  cell sky130_fd_pr__pfet_01v8 is a placeholder, treated as a black box.
Warning: Equate pins:  cell sky130_fd_pr__pfet_01v8 is a placeholder, treated as a black box.

Subcircuit pins:
Circuit 1: sky130_fd_pr__pfet_01v8         |Circuit 2: sky130_fd_pr__pfet_01v8         
-------------------------------------------|-------------------------------------------
1                                          |1                                          
2                                          |2                                          
3                                          |3                                          
4                                          |4                                          
---------------------------------------------------------------------------------------
Cell pin lists are equivalent.
Device classes sky130_fd_pr__pfet_01v8 and sky130_fd_pr__pfet_01v8 are equivalent.
Flattening unmatched subcell sky130_fd_pr__pfet_01v8_P4G5X4 in circuit secondstage (0)(4 instances)
Flattening unmatched subcell sky130_fd_pr__pfet_01v8_LDV24K in circuit secondstage (0)(1 instance)

Class secondstage (0):  Merged 6 parallel devices.
Subcircuit summary:
Circuit 1: secondstage                     |Circuit 2: secondstage                     
-------------------------------------------|-------------------------------------------
sky130_fd_pr__pfet_01v8 (8->2)             |sky130_fd_pr__pfet_01v8 (8->2)             
Number of devices: 2                       |Number of devices: 2                       
Number of nets: 3                          |Number of nets: 3                          
---------------------------------------------------------------------------------------
Netlists match uniquely.

Subcircuit pins:
Circuit 1: secondstage                     |Circuit 2: secondstage                     
-------------------------------------------|-------------------------------------------
g10                                        |g10                                        
vdde                                       |vdde                                       
d10                                        |d10                                        
---------------------------------------------------------------------------------------
Cell pin lists are equivalent.
Device classes secondstage and secondstage are equivalent.

Final result: Circuits match uniquely.
.
