Netgen 1.5.300 compiled on Tue Sep 30 09:49:28 PM CEST 2025
Warning: netgen command 'format' use fully-qualified name '::netgen::format'
Warning: netgen command 'global' use fully-qualified name '::netgen::global'
Reading netlist file /foss/designs/sky130_gff_ip__bgr_1.2v/magic/startupcir.ext.spc
Call to undefined subcircuit sky130_fd_pr__nfet_01v8
Creating placeholder cell definition.
Call to undefined subcircuit sky130_fd_pr__res_high_po_0p35
Creating placeholder cell definition.
Call to undefined subcircuit sky130_fd_pr__pfet_01v8
Creating placeholder cell definition.
Reading netlist file /foss/designs/sky130_gff_ip__bgr_1.2v/magic/startupcir.sch.spc
Call to undefined subcircuit nmos_startup
Creating placeholder cell definition.
Call to undefined subcircuit pmos_startup
Creating placeholder cell definition.
Call to undefined subcircuit resistorstart
Creating placeholder cell definition.
Call to undefined subcircuit sky130_fd_pr__nfet_01v8
Creating placeholder cell definition.
Call to undefined subcircuit sky130_fd_pr__pfet_01v8
Creating placeholder cell definition.
Call to undefined subcircuit sky130_fd_pr__res_high_po_0p35
Creating placeholder cell definition.

Reading setup file /foss/pdks/sky130A/libs.tech/netgen/sky130A_setup.tcl

Model sky130_fd_pr__res_high_po_0p35 pin 1 == 2
No property w found for device sky130_fd_pr__res_high_po_0p35
No property w found for device sky130_fd_pr__res_high_po_0p35
No property value found for device sky130_fd_pr__res_high_po_0p35
No property w found for device sky130_fd_pr__res_high_po_0p35
No property mult found for device sky130_fd_pr__res_high_po_0p35
Model sky130_fd_pr__res_high_po_0p35 pin 1 == 2
No property w found for device sky130_fd_pr__res_high_po_0p35
No property w found for device sky130_fd_pr__res_high_po_0p35
No property value found for device sky130_fd_pr__res_high_po_0p35
No property w found for device sky130_fd_pr__res_high_po_0p35
Model sky130_fd_pr__nfet_01v8 pin 1 == 3
No property mult found for device sky130_fd_pr__nfet_01v8
No property sa found for device sky130_fd_pr__nfet_01v8
No property sb found for device sky130_fd_pr__nfet_01v8
No property sd found for device sky130_fd_pr__nfet_01v8
No property nf found for device sky130_fd_pr__nfet_01v8
No property nrd found for device sky130_fd_pr__nfet_01v8
No property nrs found for device sky130_fd_pr__nfet_01v8
No property area found for device sky130_fd_pr__nfet_01v8
No property perim found for device sky130_fd_pr__nfet_01v8
No property topography found for device sky130_fd_pr__nfet_01v8
Model sky130_fd_pr__nfet_01v8 pin 1 == 3
No property as found for device sky130_fd_pr__nfet_01v8
No property ad found for device sky130_fd_pr__nfet_01v8
No property ps found for device sky130_fd_pr__nfet_01v8
No property pd found for device sky130_fd_pr__nfet_01v8
No property mult found for device sky130_fd_pr__nfet_01v8
No property sa found for device sky130_fd_pr__nfet_01v8
No property sb found for device sky130_fd_pr__nfet_01v8
No property sd found for device sky130_fd_pr__nfet_01v8
No property nrd found for device sky130_fd_pr__nfet_01v8
No property nrs found for device sky130_fd_pr__nfet_01v8
No property area found for device sky130_fd_pr__nfet_01v8
No property perim found for device sky130_fd_pr__nfet_01v8
No property topography found for device sky130_fd_pr__nfet_01v8
Model sky130_fd_pr__pfet_01v8 pin 1 == 3
No property mult found for device sky130_fd_pr__pfet_01v8
No property sa found for device sky130_fd_pr__pfet_01v8
No property sb found for device sky130_fd_pr__pfet_01v8
No property sd found for device sky130_fd_pr__pfet_01v8
No property nf found for device sky130_fd_pr__pfet_01v8
No property nrd found for device sky130_fd_pr__pfet_01v8
No property nrs found for device sky130_fd_pr__pfet_01v8
No property area found for device sky130_fd_pr__pfet_01v8
No property perim found for device sky130_fd_pr__pfet_01v8
No property topography found for device sky130_fd_pr__pfet_01v8
Model sky130_fd_pr__pfet_01v8 pin 1 == 3
No property as found for device sky130_fd_pr__pfet_01v8
No property ad found for device sky130_fd_pr__pfet_01v8
No property ps found for device sky130_fd_pr__pfet_01v8
No property pd found for device sky130_fd_pr__pfet_01v8
No property mult found for device sky130_fd_pr__pfet_01v8
No property sa found for device sky130_fd_pr__pfet_01v8
No property sb found for device sky130_fd_pr__pfet_01v8
No property sd found for device sky130_fd_pr__pfet_01v8
No property nrd found for device sky130_fd_pr__pfet_01v8
No property nrs found for device sky130_fd_pr__pfet_01v8
No property area found for device sky130_fd_pr__pfet_01v8
No property perim found for device sky130_fd_pr__pfet_01v8
No property topography found for device sky130_fd_pr__pfet_01v8
Comparison output logged to file /foss/designs/sky130_gff_ip__bgr_1.2v/magic/startupcir.lvs.out
Logging to file "/foss/designs/sky130_gff_ip__bgr_1.2v/magic/startupcir.lvs.out" enabled
Circuit sky130_fd_pr__nfet_01v8 contains no devices.
Circuit sky130_fd_pr__res_high_po_0p35 contains no devices.
Circuit sky130_fd_pr__pfet_01v8 contains no devices.

Contents of circuit 1:  Circuit: 'nmos_startup'
Circuit nmos_startup contains 8 device instances.
  Class: sky130_fd_pr__nfet_01v8 instances:   8
Circuit contains 3 nets.
Contents of circuit 2:  Circuit: 'nmos_startup'
Circuit nmos_startup contains 2 device instances.
  Class: sky130_fd_pr__nfet_01v8 instances:   2
Circuit contains 3 nets.

Circuit was modified by parallel/series device merging.
New circuit summary:

Contents of circuit 1:  Circuit: 'nmos_startup'
Circuit nmos_startup contains 2 device instances.
  Class: sky130_fd_pr__nfet_01v8 instances:   2
Circuit contains 3 nets.
Contents of circuit 2:  Circuit: 'nmos_startup'
Circuit nmos_startup contains 2 device instances.
  Class: sky130_fd_pr__nfet_01v8 instances:   2
Circuit contains 3 nets.

Circuit 1 contains 2 devices, Circuit 2 contains 2 devices.
Circuit 1 contains 3 nets,    Circuit 2 contains 3 nets.


Contents of circuit 1:  Circuit: 'resistorstart'
Circuit resistorstart contains 40 device instances.
  Class: sky130_fd_pr__res_high_po_0p35 instances:  40
Circuit contains 40 nets.
Contents of circuit 2:  Circuit: 'resistorstart'
Circuit resistorstart contains 40 device instances.
  Class: sky130_fd_pr__res_high_po_0p35 instances:  40
Circuit contains 40 nets.

Circuit was modified by parallel/series device merging.
New circuit summary:

Contents of circuit 1:  Circuit: 'resistorstart'
Circuit resistorstart contains 2 device instances.
  Class: sky130_fd_pr__res_high_po_0p35 instances:   2
Circuit contains 3 nets.
Contents of circuit 2:  Circuit: 'resistorstart'
Circuit resistorstart contains 2 device instances.
  Class: sky130_fd_pr__res_high_po_0p35 instances:   2
Circuit contains 3 nets.

Circuit 1 contains 2 devices, Circuit 2 contains 2 devices.
Circuit 1 contains 3 nets,    Circuit 2 contains 3 nets.


Contents of circuit 1:  Circuit: 'pmos_startup'
Circuit pmos_startup contains 8 device instances.
  Class: sky130_fd_pr__pfet_01v8 instances:   8
Circuit contains 4 nets.
Contents of circuit 2:  Circuit: 'pmos_startup'
Circuit pmos_startup contains 8 device instances.
  Class: sky130_fd_pr__pfet_01v8 instances:   8
Circuit contains 4 nets.

Circuit was modified by parallel/series device merging.
New circuit summary:

Contents of circuit 1:  Circuit: 'pmos_startup'
Circuit pmos_startup contains 7 device instances.
  Class: sky130_fd_pr__pfet_01v8 instances:   7
Circuit contains 4 nets.
Contents of circuit 2:  Circuit: 'pmos_startup'
Circuit pmos_startup contains 7 device instances.
  Class: sky130_fd_pr__pfet_01v8 instances:   7
Circuit contains 4 nets.

Circuit 1 contains 7 devices, Circuit 2 contains 7 devices.
Circuit 1 contains 4 nets,    Circuit 2 contains 4 nets.


Contents of circuit 1:  Circuit: 'startupcir'
Circuit startupcir contains 3 device instances.
  Class: pmos_startup          instances:   1
  Class: resistorstart         instances:   1
  Class: nmos_startup          instances:   1
Circuit contains 5 nets.
Contents of circuit 2:  Circuit: 'startupcir'
Circuit startupcir contains 3 device instances.
  Class: pmos_startup          instances:   1
  Class: resistorstart         instances:   1
  Class: nmos_startup          instances:   1
Circuit contains 5 nets.

Circuit 1 contains 3 devices, Circuit 2 contains 3 devices.
Circuit 1 contains 5 nets,    Circuit 2 contains 5 nets.


Final result: 
Circuits match uniquely.
.
Logging to file "/foss/designs/sky130_gff_ip__bgr_1.2v/magic/startupcir.lvs.out" disabled
LVS Done.
