
Circuit 1 cell sky130_fd_pr__nfet_01v8_lvt and Circuit 2 cell sky130_fd_pr__nfet_01v8_lvt are black boxes.
Warning: Equate pins:  cell sky130_fd_pr__nfet_01v8_lvt is a placeholder, treated as a black box.
Warning: Equate pins:  cell sky130_fd_pr__nfet_01v8_lvt is a placeholder, treated as a black box.

Subcircuit pins:
Circuit 1: sky130_fd_pr__nfet_01v8_lvt     |Circuit 2: sky130_fd_pr__nfet_01v8_lvt     
-------------------------------------------|-------------------------------------------
1                                          |1                                          
2                                          |2                                          
3                                          |3                                          
4                                          |4                                          
---------------------------------------------------------------------------------------
Cell pin lists are equivalent.
Device classes sky130_fd_pr__nfet_01v8_lvt and sky130_fd_pr__nfet_01v8_lvt are equivalent.
Flattening unmatched subcell sky130_fd_pr__nfet_01v8_lvt_UG4D4N in circuit trim (0)(1 instance)
Flattening unmatched subcell sky130_fd_pr__nfet_01v8_lvt_TGDTCU in circuit trim (0)(1 instance)
Flattening unmatched subcell sky130_fd_pr__nfet_01v8_lvt_QJFS9J in circuit trim (0)(4 instances)

Class trim (0):  Merged 6 parallel devices.
Subcircuit summary:
Circuit 1: trim                            |Circuit 2: trim                            
-------------------------------------------|-------------------------------------------
sky130_fd_pr__nfet_01v8_lvt (8->2)         |sky130_fd_pr__nfet_01v8_lvt (8->2)         
Number of devices: 2                       |Number of devices: 2                       
Number of nets: 4                          |Number of nets: 4                          
---------------------------------------------------------------------------------------
Netlists match uniquely.

Subcircuit pins:
Circuit 1: trim                            |Circuit 2: trim                            
-------------------------------------------|-------------------------------------------
DVSS                                       |DVSS                                       
D                                          |D                                          
G                                          |G                                          
S                                          |S                                          
---------------------------------------------------------------------------------------
Cell pin lists are equivalent.
Device classes trim and trim are equivalent.

Final result: Circuits match uniquely.
.
