
Circuit 1 cell sky130_fd_pr__nfet_01v8_lvt and Circuit 2 cell sky130_fd_pr__nfet_01v8_lvt are black boxes.
Warning: Equate pins:  cell sky130_fd_pr__nfet_01v8_lvt is a placeholder, treated as a black box.
Warning: Equate pins:  cell sky130_fd_pr__nfet_01v8_lvt is a placeholder, treated as a black box.

Subcircuit pins:
Circuit 1: sky130_fd_pr__nfet_01v8_lvt     |Circuit 2: sky130_fd_pr__nfet_01v8_lvt     
-------------------------------------------|-------------------------------------------
1                                          |1                                          
2                                          |2                                          
3                                          |3                                          
4                                          |4                                          
---------------------------------------------------------------------------------------
Cell pin lists are equivalent.
Device classes sky130_fd_pr__nfet_01v8_lvt and sky130_fd_pr__nfet_01v8_lvt are equivalent.
Flattening unmatched subcell sky130_fd_pr__nfet_01v8_lvt_SJFSNB in circuit vena (0)(2 instances)
Flattening unmatched subcell sky130_fd_pr__nfet_01v8_lvt_U8VHVM in circuit vena (0)(1 instance)

Class vena (0):  Merged 2 parallel devices.
Subcircuit summary:
Circuit 1: vena                            |Circuit 2: vena                            
-------------------------------------------|-------------------------------------------
sky130_fd_pr__nfet_01v8_lvt (4->2)         |sky130_fd_pr__nfet_01v8_lvt (4->2)         
Number of devices: 2                       |Number of devices: 2                       
Number of nets: 4                          |Number of nets: 4                          
---------------------------------------------------------------------------------------
Netlists match uniquely.

Subcircuit pins:
Circuit 1: vena                            |Circuit 2: vena                            
-------------------------------------------|-------------------------------------------
G                                          |G                                          
S                                          |S                                          
DVSS                                       |DVSS                                       
D                                          |D                                          
---------------------------------------------------------------------------------------
Cell pin lists are equivalent.
Device classes vena and vena are equivalent.

Final result: Circuits match uniquely.
.
